[     350ms] [ERROR] ERROR ReferenceError: $localize is not defined
    at consts (http://localhost:58454/@fs/Users/alyssanicoll/Development/prompt-challenge/employee-onboarding-form/.angular/cache/21.2.5/employee-onboarding-form/vite/deps/@progress_kendo-angular-layout.js?v=69227123:9640:9)
    at createTView (http://localhost:58454/@fs/Users/alyssanicoll/Development/prompt-challenge/employee-onboarding-form/.angular/cache/21.2.5/employee-onboarding-form/vite/deps/chunk-2BLGQVEV.js?v=e2d24fd2:4045:58)
    at getOrCreateComponentTView (http://localhost:58454/@fs/Users/alyssanicoll/Development/prompt-challenge/employee-onboarding-form/.angular/cache/21.2.5/employee-onboarding-form/vite/deps/chunk-2BLGQVEV.js?v=e2d24fd2:4095:24)
    at createComponentLView (http://localhost:58454/@fs/Users/alyssanicoll/Development/prompt-challenge/employee-onboarding-form/.angular/cache/21.2.5/employee-onboarding-form/vite/deps/chunk-2BLGQVEV.js?v=e2d24fd2:4125:17)
    at instantiateAllDirectives (http://localhost:58454/@fs/Users/alyssanicoll/Development/prompt-challenge/employee-onboarding-form/.angular/cache/21.2.5/employee-onboarding-form/vite/deps/chunk-2BLGQVEV.js?v=e2d24fd2:5391:5)
    at createDirectivesInstances (http://localhost:58454/@fs/Users/alyssanicoll/Development/prompt-challenge/employee-onboarding-form/.angular/cache/21.2.5/employee-onboarding-form/vite/deps/chunk-2BLGQVEV.js?v=e2d24fd2:5258:3)
    at initializeElement (http://localhost:58454/@fs/Users/alyssanicoll/Development/prompt-challenge/employee-onboarding-form/.angular/cache/21.2.5/employee-onboarding-form/vite/deps/chunk-2BLGQVEV.js?v=e2d24fd2:14212:5)
    at ɵɵelementStart (http://localhost:58454/@fs/Users/alyssanicoll/Development/prompt-challenge/employee-onboarding-form/.angular/cache/21.2.5/employee-onboarding-form/vite/deps/chunk-2BLGQVEV.js?v=e2d24fd2:14205:3)
    at OnboardingWizardComponent_Conditional_1_Template (http://localhost:58454/chunk-EJ7SL36V.js:1636:96)
    at executeTemplate (http://localhost:58454/@fs/Users/alyssanicoll/Development/prompt-challenge/employee-onboarding-form/.angular/cache/21.2.5/employee-onboarding-form/vite/deps/chunk-2BLGQVEV.js?v=e2d24fd2:5250:5) @ http://localhost:58454/@fs/Users/alyssanicoll/Development/prompt-challenge/employee-onboarding-form/.angular/cache/21.2.5/employee-onboarding-form/vite/deps/chunk-FUA6473Z.js?v=e2d24fd2:3171
[   58895ms] [ERROR] ERROR ReferenceError: $localize is not defined
    at consts (http://localhost:58454/@fs/Users/alyssanicoll/Development/prompt-challenge/employee-onboarding-form/.angular/cache/21.2.5/employee-onboarding-form/vite/deps/@progress_kendo-angular-layout.js?v=bbf2046e:9642:9)
    at createTView (http://localhost:58454/@fs/Users/alyssanicoll/Development/prompt-challenge/employee-onboarding-form/.angular/cache/21.2.5/employee-onboarding-form/vite/deps/chunk-XM6NHWA5.js?v=bbf2046e:4047:58)
    at getOrCreateComponentTView (http://localhost:58454/@fs/Users/alyssanicoll/Development/prompt-challenge/employee-onboarding-form/.angular/cache/21.2.5/employee-onboarding-form/vite/deps/chunk-XM6NHWA5.js?v=bbf2046e:4097:24)
    at createComponentLView (http://localhost:58454/@fs/Users/alyssanicoll/Development/prompt-challenge/employee-onboarding-form/.angular/cache/21.2.5/employee-onboarding-form/vite/deps/chunk-XM6NHWA5.js?v=bbf2046e:4127:17)
    at instantiateAllDirectives (http://localhost:58454/@fs/Users/alyssanicoll/Development/prompt-challenge/employee-onboarding-form/.angular/cache/21.2.5/employee-onboarding-form/vite/deps/chunk-XM6NHWA5.js?v=bbf2046e:5393:5)
    at createDirectivesInstances (http://localhost:58454/@fs/Users/alyssanicoll/Development/prompt-challenge/employee-onboarding-form/.angular/cache/21.2.5/employee-onboarding-form/vite/deps/chunk-XM6NHWA5.js?v=bbf2046e:5260:3)
    at initializeElement (http://localhost:58454/@fs/Users/alyssanicoll/Development/prompt-challenge/employee-onboarding-form/.angular/cache/21.2.5/employee-onboarding-form/vite/deps/chunk-XM6NHWA5.js?v=bbf2046e:14214:5)
    at ɵɵelementStart (http://localhost:58454/@fs/Users/alyssanicoll/Development/prompt-challenge/employee-onboarding-form/.angular/cache/21.2.5/employee-onboarding-form/vite/deps/chunk-XM6NHWA5.js?v=bbf2046e:14207:3)
    at OnboardingWizardComponent_Conditional_1_Template (http://localhost:58454/chunk-EJ7SL36V.js:1636:96)
    at executeTemplate (http://localhost:58454/@fs/Users/alyssanicoll/Development/prompt-challenge/employee-onboarding-form/.angular/cache/21.2.5/employee-onboarding-form/vite/deps/chunk-XM6NHWA5.js?v=bbf2046e:5252:5) @ http://localhost:58454/@fs/Users/alyssanicoll/Development/prompt-challenge/employee-onboarding-form/.angular/cache/21.2.5/employee-onboarding-form/vite/deps/chunk-2HYENUHJ.js?v=bbf2046e:3180
